
The following have been reloaded with a version change:
  1) Julia/1.5.1-linux-x86_64 => Julia/1.7.2-linux-x86_64

┌ Warning: Threads set to 1 by default, try julia -t 17 ...
└ @ Main ~/.julia/config/startup.jl:8
┌ Warning: Couldn't find Project.toml and Manifest.toml, using default
└ @ Main ~/.julia/config/startup.jl:22
┌ Warning: The active manifest file is an older format with no julia version entry. Dependencies may have been resolved with a different julia version.
└ @ ~/bp-mitigation-code/Manifest.toml:0
Precompiling project...
[91m  ✗ [39mAdaptBarren
  0 dependencies successfully precompiled in 12 seconds (206 already precompiled, 13 skipped during auto due to previous errors)
  [91m1[39m dependency errored. To see a full report either run `import Pkg; Pkg.precompile()` or load the package
Precompiling project...
[91m  ✗ [39m[90mOpenSpecFun_jll[39m
[91m  ✗ [39m[90mOpenBLAS_jll[39m
[91m  ✗ [39m[90mQt5Base_jll[39m
[91m  ✗ [39m[90mSpecialFunctions[39m
[91m  ✗ [39m[90mArpack_jll[39m
[91m  ✗ [39m[90mGR_jll[39m
[91m  ✗ [39m[90mStatsFuns[39m
[91m  ✗ [39mArpack
[91m  ✗ [39m[90mDistributions[39m
[91m  ✗ [39m[90mMultivariateStats[39m
[91m  ✗ [39mErdos
[91m  ✗ [39m[90mKernelDensity[39m
[91m  ✗ [39mStatsPlots
[91m  ✗ [39mAdaptBarren
  0 dependencies successfully precompiled in 41 seconds (206 already precompiled)

ERROR: The following 4 direct dependencies failed to precompile:

StatsPlots [f3b207a7-027a-5e70-b257-86293d7955fd]

Failed to precompile StatsPlots [f3b207a7-027a-5e70-b257-86293d7955fd] to /home/gbarron/.julia/compiled/v1.7/StatsPlots/jl_y39OBh.
ERROR: LoadError: InitError: Artifact "CompilerSupportLibraries" was not installed correctly. Try `using Pkg; Pkg.instantiate()` to re-install all missing resources.
Stacktrace:
  [1] error(s::String)
    @ Base ./error.jl:33
  [2] _artifact_str(__module__::Module, artifacts_toml::String, name::SubString{String}, path_tail::String, artifact_dict::Dict{String, Any}, hash::Base.SHA1, platform::Base.BinaryPlatforms.Platform, lazyartifacts::Any)
    @ Artifacts /apps/easybuild/software/tinkercliffs-rome/Julia/1.7.2-linux-x86_64/share/julia/stdlib/v1.7/Artifacts/src/Artifacts.jl:551
  [3] invokelatest(::Any, ::Any, ::Vararg{Any}; kwargs::Base.Pairs{Symbol, Union{}, Tuple{}, NamedTuple{(), Tuple{}}})
    @ Base ./essentials.jl:716
  [4] invokelatest(::Any, ::Any, ::Vararg{Any})
    @ Base ./essentials.jl:714
  [5] macro expansion
    @ /apps/easybuild/software/tinkercliffs-rome/Julia/1.7.2-linux-x86_64/share/julia/stdlib/v1.7/Artifacts/src/Artifacts.jl:680 [inlined]
  [6] find_artifact_dir()
    @ CompilerSupportLibraries_jll ~/.julia/packages/JLLWrappers/QpMQW/src/wrapper_generators.jl:17
  [7] __init__()
    @ CompilerSupportLibraries_jll ~/.julia/packages/CompilerSupportLibraries_jll/790hI/src/wrappers/x86_64-linux-gnu-libgfortran5.jl:11
  [8] _include_from_serialized(path::String, depmods::Vector{Any})
    @ Base ./loading.jl:768
  [9] _require_search_from_serialized(pkg::Base.PkgId, sourcepath::String)
    @ Base ./loading.jl:854
 [10] _require(pkg::Base.PkgId)
    @ Base ./loading.jl:1097
 [11] require(uuidkey::Base.PkgId)
    @ Base ./loading.jl:1013
 [12] require(into::Module, mod::Symbol)
    @ Base ./loading.jl:997
 [13] include(mod::Module, _path::String)
    @ Base ./Base.jl:418
 [14] top-level scope
    @ ~/.julia/packages/JLLWrappers/QpMQW/src/toplevel_generators.jl:188
 [15] include
    @ ./Base.jl:418 [inlined]
 [16] include_package_for_output(pkg::Base.PkgId, input::String, depot_path::Vector{String}, dl_load_path::Vector{String}, load_path::Vector{String}, concrete_deps::Vector{Pair{Base.PkgId, UInt64}}, source::String)
    @ Base ./loading.jl:1318
 [17] top-level scope
    @ none:1
 [18] eval
    @ ./boot.jl:373 [inlined]
 [19] eval(x::Expr)
    @ Base.MainInclude ./client.jl:453
 [20] top-level scope
    @ none:1
during initialization of module CompilerSupportLibraries_jll
in expression starting at /home/gbarron/.julia/packages/OpenSpecFun_jll/Xw8XK/src/wrappers/x86_64-linux-gnu-libgfortran5.jl:4
in expression starting at /home/gbarron/.julia/packages/OpenSpecFun_jll/Xw8XK/src/OpenSpecFun_jll.jl:2
ERROR: LoadError: Failed to precompile OpenSpecFun_jll [efe28fd5-8261-553b-a9e1-b2916fc3738e] to /home/gbarron/.julia/compiled/v1.7/OpenSpecFun_jll/jl_ZU2gED.
Stacktrace:
  [1] error(s::String)
    @ Base ./error.jl:33
  [2] compilecache(pkg::Base.PkgId, path::String, internal_stderr::IO, internal_stdout::IO, ignore_loaded_modules::Bool)
    @ Base ./loading.jl:1466
  [3] compilecache(pkg::Base.PkgId, path::String)
    @ Base ./loading.jl:1410
  [4] _require(pkg::Base.PkgId)
    @ Base ./loading.jl:1120
  [5] require(uuidkey::Base.PkgId)
    @ Base ./loading.jl:1013
  [6] require(into::Module, mod::Symbol)
    @ Base ./loading.jl:997
  [7] include
    @ ./Base.jl:418 [inlined]
  [8] include_package_for_output(pkg::Base.PkgId, input::String, depot_path::Vector{String}, dl_load_path::Vector{String}, load_path::Vector{String}, concrete_deps::Vector{Pair{Base.PkgId, UInt64}}, source::String)
    @ Base ./loading.jl:1318
  [9] top-level scope
    @ none:1
 [10] eval
    @ ./boot.jl:373 [inlined]
 [11] eval(x::Expr)
    @ Base.MainInclude ./client.jl:453
 [12] top-level scope
    @ none:1
in expression starting at /home/gbarron/.julia/packages/SpecialFunctions/CQMHW/src/SpecialFunctions.jl:1
ERROR: LoadError: Failed to precompile SpecialFunctions [276daf66-3868-5448-9aa4-cd146d93841b] to /home/gbarron/.julia/compiled/v1.7/SpecialFunctions/jl_1gQoWl.
Stacktrace:
  [1] error(s::String)
    @ Base ./error.jl:33
  [2] compilecache(pkg::Base.PkgId, path::String, internal_stderr::IO, internal_stdout::IO, ignore_loaded_modules::Bool)
    @ Base ./loading.jl:1466
  [3] compilecache(pkg::Base.PkgId, path::String)
    @ Base ./loading.jl:1410
  [4] _require(pkg::Base.PkgId)
    @ Base ./loading.jl:1120
  [5] require(uuidkey::Base.PkgId)
    @ Base ./loading.jl:1013
  [6] require(into::Module, mod::Symbol)
    @ Base ./loading.jl:997
  [7] include
    @ ./Base.jl:418 [inlined]
  [8] include_package_for_output(pkg::Base.PkgId, input::String, depot_path::Vector{String}, dl_load_path::Vector{String}, load_path::Vector{String}, concrete_deps::Vector{Pair{Base.PkgId, UInt64}}, source::String)
    @ Base ./loading.jl:1318
  [9] top-level scope
    @ none:1
 [10] eval
    @ ./boot.jl:373 [inlined]
 [11] eval(x::Expr)
    @ Base.MainInclude ./client.jl:453
 [12] top-level scope
    @ none:1
in expression starting at /home/gbarron/.julia/packages/StatsFuns/mQJB7/src/StatsFuns.jl:3
ERROR: LoadError: Failed to precompile StatsFuns [4c63d2b9-4356-54db-8cca-17b64c39e42c] to /home/gbarron/.julia/compiled/v1.7/StatsFuns/jl_Uh5P55.
Stacktrace:
  [1] error(s::String)
    @ Base ./error.jl:33
  [2] compilecache(pkg::Base.PkgId, path::String, internal_stderr::IO, internal_stdout::IO, ignore_loaded_modules::Bool)
    @ Base ./loading.jl:1466
  [3] compilecache(pkg::Base.PkgId, path::String)
    @ Base ./loading.jl:1410
  [4] _require(pkg::Base.PkgId)
    @ Base ./loading.jl:1120
  [5] require(uuidkey::Base.PkgId)
    @ Base ./loading.jl:1013
  [6] require(into::Module, mod::Symbol)
    @ Base ./loading.jl:997
  [7] include
    @ ./Base.jl:418 [inlined]
  [8] include_package_for_output(pkg::Base.PkgId, input::String, depot_path::Vector{String}, dl_load_path::Vector{String}, load_path::Vector{String}, concrete_deps::Vector{Pair{Base.PkgId, UInt64}}, source::String)
    @ Base ./loading.jl:1318
  [9] top-level scope
    @ none:1
 [10] eval
    @ ./boot.jl:373 [inlined]
 [11] eval(x::Expr)
    @ Base.MainInclude ./client.jl:453
 [12] top-level scope
    @ none:1
in expression starting at /home/gbarron/.julia/packages/Distributions/O4ZJg/src/Distributions.jl:1
ERROR: LoadError: Failed to precompile Distributions [31c24e10-a181-5473-b8eb-7969acd0382f] to /home/gbarron/.julia/compiled/v1.7/Distributions/jl_bRX0aA.
Stacktrace:
  [1] error(s::String)
    @ Base ./error.jl:33
  [2] compilecache(pkg::Base.PkgId, path::String, internal_stderr::IO, internal_stdout::IO, ignore_loaded_modules::Bool)
    @ Base ./loading.jl:1466
  [3] compilecache(pkg::Base.PkgId, path::String)
    @ Base ./loading.jl:1410
  [4] _require(pkg::Base.PkgId)
    @ Base ./loading.jl:1120
  [5] require(uuidkey::Base.PkgId)
    @ Base ./loading.jl:1013
  [6] require(into::Module, mod::Symbol)
    @ Base ./loading.jl:997
  [7] include
    @ ./Base.jl:418 [inlined]
  [8] include_package_for_output(pkg::Base.PkgId, input::String, depot_path::Vector{String}, dl_load_path::Vector{String}, load_path::Vector{String}, concrete_deps::Vector{Pair{Base.PkgId, UInt64}}, source::Nothing)
    @ Base ./loading.jl:1318
  [9] top-level scope
    @ none:1
 [10] eval
    @ ./boot.jl:373 [inlined]
 [11] eval(x::Expr)
    @ Base.MainInclude ./client.jl:453
 [12] top-level scope
    @ none:1
in expression starting at /home/gbarron/.julia/packages/StatsPlots/CpWiU/src/StatsPlots.jl:1

Arpack [7d9fca2a-8960-54d3-9f78-7d1dccf2cb97]

Failed to precompile Arpack [7d9fca2a-8960-54d3-9f78-7d1dccf2cb97] to /home/gbarron/.julia/compiled/v1.7/Arpack/jl_I8mjSo.
ERROR: LoadError: InitError: Artifact "CompilerSupportLibraries" was not installed correctly. Try `using Pkg; Pkg.instantiate()` to re-install all missing resources.
Stacktrace:
  [1] error(s::String)
    @ Base ./error.jl:33
  [2] _artifact_str(__module__::Module, artifacts_toml::String, name::SubString{String}, path_tail::String, artifact_dict::Dict{String, Any}, hash::Base.SHA1, platform::Base.BinaryPlatforms.Platform, lazyartifacts::Any)
    @ Artifacts /apps/easybuild/software/tinkercliffs-rome/Julia/1.7.2-linux-x86_64/share/julia/stdlib/v1.7/Artifacts/src/Artifacts.jl:551
  [3] invokelatest(::Any, ::Any, ::Vararg{Any}; kwargs::Base.Pairs{Symbol, Union{}, Tuple{}, NamedTuple{(), Tuple{}}})
    @ Base ./essentials.jl:716
  [4] invokelatest(::Any, ::Any, ::Vararg{Any})
    @ Base ./essentials.jl:714
  [5] macro expansion
    @ /apps/easybuild/software/tinkercliffs-rome/Julia/1.7.2-linux-x86_64/share/julia/stdlib/v1.7/Artifacts/src/Artifacts.jl:680 [inlined]
  [6] find_artifact_dir()
    @ CompilerSupportLibraries_jll ~/.julia/packages/JLLWrappers/QpMQW/src/wrapper_generators.jl:17
  [7] __init__()
    @ CompilerSupportLibraries_jll ~/.julia/packages/CompilerSupportLibraries_jll/790hI/src/wrappers/x86_64-linux-gnu-libgfortran5.jl:11
  [8] _include_from_serialized(path::String, depmods::Vector{Any})
    @ Base ./loading.jl:768
  [9] _require_search_from_serialized(pkg::Base.PkgId, sourcepath::String)
    @ Base ./loading.jl:854
 [10] _require(pkg::Base.PkgId)
    @ Base ./loading.jl:1097
 [11] require(uuidkey::Base.PkgId)
    @ Base ./loading.jl:1013
 [12] require(into::Module, mod::Symbol)
    @ Base ./loading.jl:997
 [13] include(mod::Module, _path::String)
    @ Base ./Base.jl:418
 [14] include(x::String)
    @ OpenBLAS_jll ~/.julia/packages/OpenBLAS_jll/9n2xh/src/OpenBLAS_jll.jl:1
 [15] top-level scope
    @ ~/.julia/packages/OpenBLAS_jll/9n2xh/src/OpenBLAS_jll.jl:54
 [16] include
    @ ./Base.jl:418 [inlined]
 [17] include_package_for_output(pkg::Base.PkgId, input::String, depot_path::Vector{String}, dl_load_path::Vector{String}, load_path::Vector{String}, concrete_deps::Vector{Pair{Base.PkgId, UInt64}}, source::String)
    @ Base ./loading.jl:1318
 [18] top-level scope
    @ none:1
 [19] eval
    @ ./boot.jl:373 [inlined]
 [20] eval(x::Expr)
    @ Base.MainInclude ./client.jl:453
 [21] top-level scope
    @ none:1
during initialization of module CompilerSupportLibraries_jll
in expression starting at /home/gbarron/.julia/packages/OpenBLAS_jll/9n2xh/src/wrappers/x86_64-linux-gnu-libgfortran5.jl:4
in expression starting at /home/gbarron/.julia/packages/OpenBLAS_jll/9n2xh/src/OpenBLAS_jll.jl:1
ERROR: LoadError: Failed to precompile OpenBLAS_jll [4536629a-c528-5b80-bd46-f80d51c5b363] to /home/gbarron/.julia/compiled/v1.7/OpenBLAS_jll/jl_EURaFp.
Stacktrace:
  [1] error(s::String)
    @ Base ./error.jl:33
  [2] compilecache(pkg::Base.PkgId, path::String, internal_stderr::IO, internal_stdout::IO, ignore_loaded_modules::Bool)
    @ Base ./loading.jl:1466
  [3] compilecache(pkg::Base.PkgId, path::String)
    @ Base ./loading.jl:1410
  [4] _require(pkg::Base.PkgId)
    @ Base ./loading.jl:1120
  [5] require(uuidkey::Base.PkgId)
    @ Base ./loading.jl:1013
  [6] require(into::Module, mod::Symbol)
    @ Base ./loading.jl:997
  [7] include(mod::Module, _path::String)
    @ Base ./Base.jl:418
  [8] include(x::String)
    @ Arpack_jll ~/.julia/packages/Arpack_jll/V7Qow/src/Arpack_jll.jl:1
  [9] top-level scope
    @ ~/.julia/packages/Arpack_jll/V7Qow/src/Arpack_jll.jl:50
 [10] include
    @ ./Base.jl:418 [inlined]
 [11] include_package_for_output(pkg::Base.PkgId, input::String, depot_path::Vector{String}, dl_load_path::Vector{String}, load_path::Vector{String}, concrete_deps::Vector{Pair{Base.PkgId, UInt64}}, source::String)
    @ Base ./loading.jl:1318
 [12] top-level scope
    @ none:1
 [13] eval
    @ ./boot.jl:373 [inlined]
 [14] eval(x::Expr)
    @ Base.MainInclude ./client.jl:453
 [15] top-level scope
    @ none:1
in expression starting at /home/gbarron/.julia/packages/Arpack_jll/V7Qow/src/wrappers/x86_64-linux-gnu-libgfortran5.jl:4
in expression starting at /home/gbarron/.julia/packages/Arpack_jll/V7Qow/src/Arpack_jll.jl:1
ERROR: LoadError: Failed to precompile Arpack_jll [68821587-b530-5797-8361-c406ea357684] to /home/gbarron/.julia/compiled/v1.7/Arpack_jll/jl_CoxqW2.
Stacktrace:
  [1] error(s::String)
    @ Base ./error.jl:33
  [2] compilecache(pkg::Base.PkgId, path::String, internal_stderr::IO, internal_stdout::IO, ignore_loaded_modules::Bool)
    @ Base ./loading.jl:1466
  [3] compilecache(pkg::Base.PkgId, path::String)
    @ Base ./loading.jl:1410
  [4] _require(pkg::Base.PkgId)
    @ Base ./loading.jl:1120
  [5] require(uuidkey::Base.PkgId)
    @ Base ./loading.jl:1013
  [6] require(into::Module, mod::Symbol)
    @ Base ./loading.jl:997
  [7] include
    @ ./Base.jl:418 [inlined]
  [8] include_package_for_output(pkg::Base.PkgId, input::String, depot_path::Vector{String}, dl_load_path::Vector{String}, load_path::Vector{String}, concrete_deps::Vector{Pair{Base.PkgId, UInt64}}, source::Nothing)
    @ Base ./loading.jl:1318
  [9] top-level scope
    @ none:1
 [10] eval
    @ ./boot.jl:373 [inlined]
 [11] eval(x::Expr)
    @ Base.MainInclude ./client.jl:453
 [12] top-level scope
    @ none:1
in expression starting at /home/gbarron/.julia/packages/Arpack/pLziT/src/Arpack.jl:2


AdaptBarren [99dd921e-f06d-11eb-9a03-0242ac130003]

Failed to precompile AdaptBarren [99dd921e-f06d-11eb-9a03-0242ac130003] to /home/gbarron/.julia/compiled/v1.7/AdaptBarren/jl_w4v7cQ.
ERROR: LoadError: InitError: Artifact "CompilerSupportLibraries" was not installed correctly. Try `using Pkg; Pkg.instantiate()` to re-install all missing resources.
Stacktrace:
  [1] error(s::String)
    @ Base ./error.jl:33
  [2] _artifact_str(__module__::Module, artifacts_toml::String, name::SubString{String}, path_tail::String, artifact_dict::Dict{String, Any}, hash::Base.SHA1, platform::Base.BinaryPlatforms.Platform, lazyartifacts::Any)
    @ Artifacts /apps/easybuild/software/tinkercliffs-rome/Julia/1.7.2-linux-x86_64/share/julia/stdlib/v1.7/Artifacts/src/Artifacts.jl:551
  [3] invokelatest(::Any, ::Any, ::Vararg{Any}; kwargs::Base.Pairs{Symbol, Union{}, Tuple{}, NamedTuple{(), Tuple{}}})
    @ Base ./essentials.jl:716
  [4] invokelatest(::Any, ::Any, ::Vararg{Any})
    @ Base ./essentials.jl:714
  [5] macro expansion
    @ /apps/easybuild/software/tinkercliffs-rome/Julia/1.7.2-linux-x86_64/share/julia/stdlib/v1.7/Artifacts/src/Artifacts.jl:680 [inlined]
  [6] find_artifact_dir()
    @ CompilerSupportLibraries_jll ~/.julia/packages/JLLWrappers/QpMQW/src/wrapper_generators.jl:17
  [7] __init__()
    @ CompilerSupportLibraries_jll ~/.julia/packages/CompilerSupportLibraries_jll/790hI/src/wrappers/x86_64-linux-gnu-libgfortran5.jl:11
  [8] _include_from_serialized(path::String, depmods::Vector{Any})
    @ Base ./loading.jl:768
  [9] _require_search_from_serialized(pkg::Base.PkgId, sourcepath::String)
    @ Base ./loading.jl:854
 [10] _require(pkg::Base.PkgId)
    @ Base ./loading.jl:1097
 [11] require(uuidkey::Base.PkgId)
    @ Base ./loading.jl:1013
 [12] require(into::Module, mod::Symbol)
    @ Base ./loading.jl:997
 [13] include(mod::Module, _path::String)
    @ Base ./Base.jl:418
 [14] include(x::String)
    @ OpenBLAS_jll ~/.julia/packages/OpenBLAS_jll/9n2xh/src/OpenBLAS_jll.jl:1
 [15] top-level scope
    @ ~/.julia/packages/OpenBLAS_jll/9n2xh/src/OpenBLAS_jll.jl:54
 [16] include
    @ ./Base.jl:418 [inlined]
 [17] include_package_for_output(pkg::Base.PkgId, input::String, depot_path::Vector{String}, dl_load_path::Vector{String}, load_path::Vector{String}, concrete_deps::Vector{Pair{Base.PkgId, UInt64}}, source::String)
    @ Base ./loading.jl:1318
 [18] top-level scope
    @ none:1
 [19] eval
    @ ./boot.jl:373 [inlined]
 [20] eval(x::Expr)
    @ Base.MainInclude ./client.jl:453
 [21] top-level scope
    @ none:1
during initialization of module CompilerSupportLibraries_jll
in expression starting at /home/gbarron/.julia/packages/OpenBLAS_jll/9n2xh/src/wrappers/x86_64-linux-gnu-libgfortran5.jl:4
in expression starting at /home/gbarron/.julia/packages/OpenBLAS_jll/9n2xh/src/OpenBLAS_jll.jl:1
ERROR: LoadError: Failed to precompile OpenBLAS_jll [4536629a-c528-5b80-bd46-f80d51c5b363] to /home/gbarron/.julia/compiled/v1.7/OpenBLAS_jll/jl_kYBaGB.
Stacktrace:
  [1] error(s::String)
    @ Base ./error.jl:33
  [2] compilecache(pkg::Base.PkgId, path::String, internal_stderr::IO, internal_stdout::IO, ignore_loaded_modules::Bool)
    @ Base ./loading.jl:1466
  [3] compilecache(pkg::Base.PkgId, path::String)
    @ Base ./loading.jl:1410
  [4] _require(pkg::Base.PkgId)
    @ Base ./loading.jl:1120
  [5] require(uuidkey::Base.PkgId)
    @ Base ./loading.jl:1013
  [6] require(into::Module, mod::Symbol)
    @ Base ./loading.jl:997
  [7] include(mod::Module, _path::String)
    @ Base ./Base.jl:418
  [8] include(x::String)
    @ Arpack_jll ~/.julia/packages/Arpack_jll/V7Qow/src/Arpack_jll.jl:1
  [9] top-level scope
    @ ~/.julia/packages/Arpack_jll/V7Qow/src/Arpack_jll.jl:50
 [10] include
    @ ./Base.jl:418 [inlined]
 [11] include_package_for_output(pkg::Base.PkgId, input::String, depot_path::Vector{String}, dl_load_path::Vector{String}, load_path::Vector{String}, concrete_deps::Vector{Pair{Base.PkgId, UInt64}}, source::String)
    @ Base ./loading.jl:1318
 [12] top-level scope
    @ none:1
 [13] eval
    @ ./boot.jl:373 [inlined]
 [14] eval(x::Expr)
    @ Base.MainInclude ./client.jl:453
 [15] top-level scope
    @ none:1
in expression starting at /home/gbarron/.julia/packages/Arpack_jll/V7Qow/src/wrappers/x86_64-linux-gnu-libgfortran5.jl:4
in expression starting at /home/gbarron/.julia/packages/Arpack_jll/V7Qow/src/Arpack_jll.jl:1
ERROR: LoadError: Failed to precompile Arpack_jll [68821587-b530-5797-8361-c406ea357684] to /home/gbarron/.julia/compiled/v1.7/Arpack_jll/jl_F3MYe0.
Stacktrace:
  [1] error(s::String)
    @ Base ./error.jl:33
  [2] compilecache(pkg::Base.PkgId, path::String, internal_stderr::IO, internal_stdout::IO, ignore_loaded_modules::Bool)
    @ Base ./loading.jl:1466
  [3] compilecache(pkg::Base.PkgId, path::String)
    @ Base ./loading.jl:1410
  [4] _require(pkg::Base.PkgId)
    @ Base ./loading.jl:1120
  [5] require(uuidkey::Base.PkgId)
    @ Base ./loading.jl:1013
  [6] require(into::Module, mod::Symbol)
    @ Base ./loading.jl:997
  [7] include
    @ ./Base.jl:418 [inlined]
  [8] include_package_for_output(pkg::Base.PkgId, input::String, depot_path::Vector{String}, dl_load_path::Vector{String}, load_path::Vector{String}, concrete_deps::Vector{Pair{Base.PkgId, UInt64}}, source::String)
    @ Base ./loading.jl:1318
  [9] top-level scope
    @ none:1
 [10] eval
    @ ./boot.jl:373 [inlined]
 [11] eval(x::Expr)
    @ Base.MainInclude ./client.jl:453
 [12] top-level scope
    @ none:1
in expression starting at /home/gbarron/.julia/packages/Arpack/pLziT/src/Arpack.jl:2
ERROR: LoadError: Failed to precompile Arpack [7d9fca2a-8960-54d3-9f78-7d1dccf2cb97] to /home/gbarron/.julia/compiled/v1.7/Arpack/jl_NY6wzU.
Stacktrace:
  [1] error(s::String)
    @ Base ./error.jl:33
  [2] compilecache(pkg::Base.PkgId, path::String, internal_stderr::IO, internal_stdout::IO, ignore_loaded_modules::Bool)
    @ Base ./loading.jl:1466
  [3] compilecache(pkg::Base.PkgId, path::String)
    @ Base ./loading.jl:1410
  [4] _require(pkg::Base.PkgId)
    @ Base ./loading.jl:1120
  [5] require(uuidkey::Base.PkgId)
    @ Base ./loading.jl:1013
  [6] require(into::Module, mod::Symbol)
    @ Base ./loading.jl:997
  [7] include
    @ ./Base.jl:418 [inlined]
  [8] include_package_for_output(pkg::Base.PkgId, input::String, depot_path::Vector{String}, dl_load_path::Vector{String}, load_path::Vector{String}, concrete_deps::Vector{Pair{Base.PkgId, UInt64}}, source::String)
    @ Base ./loading.jl:1318
  [9] top-level scope
    @ none:1
 [10] eval
    @ ./boot.jl:373 [inlined]
 [11] eval(x::Expr)
    @ Base.MainInclude ./client.jl:453
 [12] top-level scope
    @ none:1
in expression starting at /home/gbarron/.julia/packages/Erdos/Ot3Kr/src/Erdos.jl:3
ERROR: LoadError: Failed to precompile Erdos [90d7349d-81aa-5495-813a-883243abfe31] to /home/gbarron/.julia/compiled/v1.7/Erdos/jl_jDj07z.
Stacktrace:
  [1] error(s::String)
    @ Base ./error.jl:33
  [2] compilecache(pkg::Base.PkgId, path::String, internal_stderr::IO, internal_stdout::IO, ignore_loaded_modules::Bool)
    @ Base ./loading.jl:1466
  [3] compilecache(pkg::Base.PkgId, path::String)
    @ Base ./loading.jl:1410
  [4] _require(pkg::Base.PkgId)
    @ Base ./loading.jl:1120
  [5] require(uuidkey::Base.PkgId)
    @ Base ./loading.jl:1013
  [6] require(into::Module, mod::Symbol)
    @ Base ./loading.jl:997
  [7] include(mod::Module, _path::String)
    @ Base ./Base.jl:418
  [8] include(x::String)
    @ AdaptBarren ~/bp-mitigation-code/src/AdaptBarren.jl:1
  [9] top-level scope
    @ ~/bp-mitigation-code/src/AdaptBarren.jl:11
 [10] include
    @ ./Base.jl:418 [inlined]
 [11] include_package_for_output(pkg::Base.PkgId, input::String, depot_path::Vector{String}, dl_load_path::Vector{String}, load_path::Vector{String}, concrete_deps::Vector{Pair{Base.PkgId, UInt64}}, source::Nothing)
    @ Base ./loading.jl:1318
 [12] top-level scope
    @ none:1
 [13] eval
    @ ./boot.jl:373 [inlined]
 [14] eval(x::Expr)
    @ Base.MainInclude ./client.jl:453
 [15] top-level scope
    @ none:1
in expression starting at /home/gbarron/bp-mitigation-code/src/qaoa_hamiltonians.jl:2
in expression starting at /home/gbarron/bp-mitigation-code/src/AdaptBarren.jl:1


Erdos [90d7349d-81aa-5495-813a-883243abfe31]

Failed to precompile Erdos [90d7349d-81aa-5495-813a-883243abfe31] to /home/gbarron/.julia/compiled/v1.7/Erdos/jl_Aau4Z4.
ERROR: LoadError: InitError: Artifact "CompilerSupportLibraries" was not installed correctly. Try `using Pkg; Pkg.instantiate()` to re-install all missing resources.
Stacktrace:
  [1] error(s::String)
    @ Base ./error.jl:33
  [2] _artifact_str(__module__::Module, artifacts_toml::String, name::SubString{String}, path_tail::String, artifact_dict::Dict{String, Any}, hash::Base.SHA1, platform::Base.BinaryPlatforms.Platform, lazyartifacts::Any)
    @ Artifacts /apps/easybuild/software/tinkercliffs-rome/Julia/1.7.2-linux-x86_64/share/julia/stdlib/v1.7/Artifacts/src/Artifacts.jl:551
  [3] invokelatest(::Any, ::Any, ::Vararg{Any}; kwargs::Base.Pairs{Symbol, Union{}, Tuple{}, NamedTuple{(), Tuple{}}})
    @ Base ./essentials.jl:716
  [4] invokelatest(::Any, ::Any, ::Vararg{Any})
    @ Base ./essentials.jl:714
  [5] macro expansion
    @ /apps/easybuild/software/tinkercliffs-rome/Julia/1.7.2-linux-x86_64/share/julia/stdlib/v1.7/Artifacts/src/Artifacts.jl:680 [inlined]
  [6] find_artifact_dir()
    @ CompilerSupportLibraries_jll ~/.julia/packages/JLLWrappers/QpMQW/src/wrapper_generators.jl:17
  [7] __init__()
    @ CompilerSupportLibraries_jll ~/.julia/packages/CompilerSupportLibraries_jll/790hI/src/wrappers/x86_64-linux-gnu-libgfortran5.jl:11
  [8] _include_from_serialized(path::String, depmods::Vector{Any})
    @ Base ./loading.jl:768
  [9] _require_search_from_serialized(pkg::Base.PkgId, sourcepath::String)
    @ Base ./loading.jl:854
 [10] _require(pkg::Base.PkgId)
    @ Base ./loading.jl:1097
 [11] require(uuidkey::Base.PkgId)
    @ Base ./loading.jl:1013
 [12] require(into::Module, mod::Symbol)
    @ Base ./loading.jl:997
 [13] include(mod::Module, _path::String)
    @ Base ./Base.jl:418
 [14] include(x::String)
    @ OpenBLAS_jll ~/.julia/packages/OpenBLAS_jll/9n2xh/src/OpenBLAS_jll.jl:1
 [15] top-level scope
    @ ~/.julia/packages/OpenBLAS_jll/9n2xh/src/OpenBLAS_jll.jl:54
 [16] include
    @ ./Base.jl:418 [inlined]
 [17] include_package_for_output(pkg::Base.PkgId, input::String, depot_path::Vector{String}, dl_load_path::Vector{String}, load_path::Vector{String}, concrete_deps::Vector{Pair{Base.PkgId, UInt64}}, source::String)
    @ Base ./loading.jl:1318
 [18] top-level scope
    @ none:1
 [19] eval
    @ ./boot.jl:373 [inlined]
 [20] eval(x::Expr)
    @ Base.MainInclude ./client.jl:453
 [21] top-level scope
    @ none:1
during initialization of module CompilerSupportLibraries_jll
in expression starting at /home/gbarron/.julia/packages/OpenBLAS_jll/9n2xh/src/wrappers/x86_64-linux-gnu-libgfortran5.jl:4
in expression starting at /home/gbarron/.julia/packages/OpenBLAS_jll/9n2xh/src/OpenBLAS_jll.jl:1
ERROR: LoadError: Failed to precompile OpenBLAS_jll [4536629a-c528-5b80-bd46-f80d51c5b363] to /home/gbarron/.julia/compiled/v1.7/OpenBLAS_jll/jl_eEo98Q.
Stacktrace:
  [1] error(s::String)
    @ Base ./error.jl:33
  [2] compilecache(pkg::Base.PkgId, path::String, internal_stderr::IO, internal_stdout::IO, ignore_loaded_modules::Bool)
    @ Base ./loading.jl:1466
  [3] compilecache(pkg::Base.PkgId, path::String)
    @ Base ./loading.jl:1410
  [4] _require(pkg::Base.PkgId)
    @ Base ./loading.jl:1120
  [5] require(uuidkey::Base.PkgId)
    @ Base ./loading.jl:1013
  [6] require(into::Module, mod::Symbol)
    @ Base ./loading.jl:997
  [7] include(mod::Module, _path::String)
    @ Base ./Base.jl:418
  [8] include(x::String)
    @ Arpack_jll ~/.julia/packages/Arpack_jll/V7Qow/src/Arpack_jll.jl:1
  [9] top-level scope
    @ ~/.julia/packages/Arpack_jll/V7Qow/src/Arpack_jll.jl:50
 [10] include
    @ ./Base.jl:418 [inlined]
 [11] include_package_for_output(pkg::Base.PkgId, input::String, depot_path::Vector{String}, dl_load_path::Vector{String}, load_path::Vector{String}, concrete_deps::Vector{Pair{Base.PkgId, UInt64}}, source::String)
    @ Base ./loading.jl:1318
 [12] top-level scope
    @ none:1
 [13] eval
    @ ./boot.jl:373 [inlined]
 [14] eval(x::Expr)
    @ Base.MainInclude ./client.jl:453
 [15] top-level scope
    @ none:1
in expression starting at /home/gbarron/.julia/packages/Arpack_jll/V7Qow/src/wrappers/x86_64-linux-gnu-libgfortran5.jl:4
in expression starting at /home/gbarron/.julia/packages/Arpack_jll/V7Qow/src/Arpack_jll.jl:1
ERROR: LoadError: Failed to precompile Arpack_jll [68821587-b530-5797-8361-c406ea357684] to /home/gbarron/.julia/compiled/v1.7/Arpack_jll/jl_uTMZZj.
Stacktrace:
  [1] error(s::String)
    @ Base ./error.jl:33
  [2] compilecache(pkg::Base.PkgId, path::String, internal_stderr::IO, internal_stdout::IO, ignore_loaded_modules::Bool)
    @ Base ./loading.jl:1466
  [3] compilecache(pkg::Base.PkgId, path::String)
    @ Base ./loading.jl:1410
  [4] _require(pkg::Base.PkgId)
    @ Base ./loading.jl:1120
  [5] require(uuidkey::Base.PkgId)
    @ Base ./loading.jl:1013
  [6] require(into::Module, mod::Symbol)
    @ Base ./loading.jl:997
  [7] include
    @ ./Base.jl:418 [inlined]
  [8] include_package_for_output(pkg::Base.PkgId, input::String, depot_path::Vector{String}, dl_load_path::Vector{String}, load_path::Vector{String}, concrete_deps::Vector{Pair{Base.PkgId, UInt64}}, source::String)
    @ Base ./loading.jl:1318
  [9] top-level scope
    @ none:1
 [10] eval
    @ ./boot.jl:373 [inlined]
 [11] eval(x::Expr)
    @ Base.MainInclude ./client.jl:453
 [12] top-level scope
    @ none:1
in expression starting at /home/gbarron/.julia/packages/Arpack/pLziT/src/Arpack.jl:2
ERROR: LoadError: Failed to precompile Arpack [7d9fca2a-8960-54d3-9f78-7d1dccf2cb97] to /home/gbarron/.julia/compiled/v1.7/Arpack/jl_rd7Jzd.
Stacktrace:
  [1] error(s::String)
    @ Base ./error.jl:33
  [2] compilecache(pkg::Base.PkgId, path::String, internal_stderr::IO, internal_stdout::IO, ignore_loaded_modules::Bool)
    @ Base ./loading.jl:1466
  [3] compilecache(pkg::Base.PkgId, path::String)
    @ Base ./loading.jl:1410
  [4] _require(pkg::Base.PkgId)
    @ Base ./loading.jl:1120
  [5] require(uuidkey::Base.PkgId)
    @ Base ./loading.jl:1013
  [6] require(into::Module, mod::Symbol)
    @ Base ./loading.jl:997
  [7] include
    @ ./Base.jl:418 [inlined]
  [8] include_package_for_output(pkg::Base.PkgId, input::String, depot_path::Vector{String}, dl_load_path::Vector{String}, load_path::Vector{String}, concrete_deps::Vector{Pair{Base.PkgId, UInt64}}, source::Nothing)
    @ Base ./loading.jl:1318
  [9] top-level scope
    @ none:1
 [10] eval
    @ ./boot.jl:373 [inlined]
 [11] eval(x::Expr)
    @ Base.MainInclude ./client.jl:453
 [12] top-level scope
    @ none:1
in expression starting at /home/gbarron/.julia/packages/Erdos/Ot3Kr/src/Erdos.jl:3

Stacktrace:
 [1] pkgerror(msg::String)
   @ Pkg.Types /apps/easybuild/software/tinkercliffs-rome/Julia/1.7.2-linux-x86_64/share/julia/stdlib/v1.7/Pkg/src/Types.jl:68
 [2] precompile(ctx::Pkg.Types.Context; internal_call::Bool, strict::Bool, warn_loaded::Bool, already_instantiated::Bool, kwargs::Base.Pairs{Symbol, Union{}, Tuple{}, NamedTuple{(), Tuple{}}})
   @ Pkg.API /apps/easybuild/software/tinkercliffs-rome/Julia/1.7.2-linux-x86_64/share/julia/stdlib/v1.7/Pkg/src/API.jl:1362
 [3] precompile
   @ /apps/easybuild/software/tinkercliffs-rome/Julia/1.7.2-linux-x86_64/share/julia/stdlib/v1.7/Pkg/src/API.jl:1013 [inlined]
 [4] #precompile#220
   @ /apps/easybuild/software/tinkercliffs-rome/Julia/1.7.2-linux-x86_64/share/julia/stdlib/v1.7/Pkg/src/API.jl:1011 [inlined]
 [5] precompile()
   @ Pkg.API /apps/easybuild/software/tinkercliffs-rome/Julia/1.7.2-linux-x86_64/share/julia/stdlib/v1.7/Pkg/src/API.jl:1011
 [6] top-level scope
   @ none:1
1.7.2
/apps/easybuild/software/tinkercliffs-rome/Julia/1.7.2-linux-x86_64/bin
128 logical cores
ERROR: LoadError: InitError: Artifact "CompilerSupportLibraries" was not installed correctly. Try `using Pkg; Pkg.instantiate()` to re-install all missing resources.
Stacktrace:
  [1] error(s::String)
    @ Base ./error.jl:33
  [2] _artifact_str(__module__::Module, artifacts_toml::String, name::SubString{String}, path_tail::String, artifact_dict::Dict{String, Any}, hash::Base.SHA1, platform::Base.BinaryPlatforms.Platform, lazyartifacts::Any)
    @ Artifacts /apps/easybuild/software/tinkercliffs-rome/Julia/1.7.2-linux-x86_64/share/julia/stdlib/v1.7/Artifacts/src/Artifacts.jl:551
  [3] invokelatest(::Any, ::Any, ::Vararg{Any}; kwargs::Base.Pairs{Symbol, Union{}, Tuple{}, NamedTuple{(), Tuple{}}})
    @ Base ./essentials.jl:716
  [4] invokelatest(::Any, ::Any, ::Vararg{Any})
    @ Base ./essentials.jl:714
  [5] macro expansion
    @ /apps/easybuild/software/tinkercliffs-rome/Julia/1.7.2-linux-x86_64/share/julia/stdlib/v1.7/Artifacts/src/Artifacts.jl:680 [inlined]
  [6] find_artifact_dir()
    @ CompilerSupportLibraries_jll ~/.julia/packages/JLLWrappers/QpMQW/src/wrapper_generators.jl:17
  [7] __init__()
    @ CompilerSupportLibraries_jll ~/.julia/packages/CompilerSupportLibraries_jll/790hI/src/wrappers/x86_64-linux-gnu-libgfortran5.jl:11
  [8] _include_from_serialized(path::String, depmods::Vector{Any})
    @ Base ./loading.jl:768
  [9] _require_search_from_serialized(pkg::Base.PkgId, sourcepath::String)
    @ Base ./loading.jl:854
 [10] _require(pkg::Base.PkgId)
    @ Base ./loading.jl:1097
 [11] require(uuidkey::Base.PkgId)
    @ Base ./loading.jl:1013
 [12] require(into::Module, mod::Symbol)
    @ Base ./loading.jl:997
 [13] include(mod::Module, _path::String)
    @ Base ./Base.jl:418
 [14] include(x::String)
    @ OpenBLAS_jll ~/.julia/packages/OpenBLAS_jll/9n2xh/src/OpenBLAS_jll.jl:1
 [15] top-level scope
    @ ~/.julia/packages/OpenBLAS_jll/9n2xh/src/OpenBLAS_jll.jl:54
 [16] include
    @ ./Base.jl:418 [inlined]
 [17] include_package_for_output(pkg::Base.PkgId, input::String, depot_path::Vector{String}, dl_load_path::Vector{String}, load_path::Vector{String}, concrete_deps::Vector{Pair{Base.PkgId, UInt64}}, source::String)
    @ Base ./loading.jl:1318
 [18] top-level scope
    @ none:1
 [19] eval
    @ ./boot.jl:373 [inlined]
 [20] eval(x::Expr)
    @ Base.MainInclude ./client.jl:453
 [21] top-level scope
    @ none:1
during initialization of module CompilerSupportLibraries_jll
in expression starting at /home/gbarron/.julia/packages/OpenBLAS_jll/9n2xh/src/wrappers/x86_64-linux-gnu-libgfortran5.jl:4
in expression starting at /home/gbarron/.julia/packages/OpenBLAS_jll/9n2xh/src/OpenBLAS_jll.jl:1
ERROR: LoadError: Failed to precompile OpenBLAS_jll [4536629a-c528-5b80-bd46-f80d51c5b363] to /home/gbarron/.julia/compiled/v1.7/OpenBLAS_jll/jl_5MT2D7.
Stacktrace:
  [1] error(s::String)
    @ Base ./error.jl:33
  [2] compilecache(pkg::Base.PkgId, path::String, internal_stderr::IO, internal_stdout::IO, ignore_loaded_modules::Bool)
    @ Base ./loading.jl:1466
  [3] compilecache(pkg::Base.PkgId, path::String)
    @ Base ./loading.jl:1410
  [4] _require(pkg::Base.PkgId)
    @ Base ./loading.jl:1120
  [5] require(uuidkey::Base.PkgId)
    @ Base ./loading.jl:1013
  [6] require(into::Module, mod::Symbol)
    @ Base ./loading.jl:997
  [7] include(mod::Module, _path::String)
    @ Base ./Base.jl:418
  [8] include(x::String)
    @ Arpack_jll ~/.julia/packages/Arpack_jll/V7Qow/src/Arpack_jll.jl:1
  [9] top-level scope
    @ ~/.julia/packages/Arpack_jll/V7Qow/src/Arpack_jll.jl:50
 [10] include
    @ ./Base.jl:418 [inlined]
 [11] include_package_for_output(pkg::Base.PkgId, input::String, depot_path::Vector{String}, dl_load_path::Vector{String}, load_path::Vector{String}, concrete_deps::Vector{Pair{Base.PkgId, UInt64}}, source::String)
    @ Base ./loading.jl:1318
 [12] top-level scope
    @ none:1
 [13] eval
    @ ./boot.jl:373 [inlined]
 [14] eval(x::Expr)
    @ Base.MainInclude ./client.jl:453
 [15] top-level scope
    @ none:1
in expression starting at /home/gbarron/.julia/packages/Arpack_jll/V7Qow/src/wrappers/x86_64-linux-gnu-libgfortran5.jl:4
in expression starting at /home/gbarron/.julia/packages/Arpack_jll/V7Qow/src/Arpack_jll.jl:1
ERROR: LoadError: Failed to precompile Arpack_jll [68821587-b530-5797-8361-c406ea357684] to /home/gbarron/.julia/compiled/v1.7/Arpack_jll/jl_aM3dvz.
Stacktrace:
  [1] error(s::String)
    @ Base ./error.jl:33
  [2] compilecache(pkg::Base.PkgId, path::String, internal_stderr::IO, internal_stdout::IO, ignore_loaded_modules::Bool)
    @ Base ./loading.jl:1466
  [3] compilecache(pkg::Base.PkgId, path::String)
    @ Base ./loading.jl:1410
  [4] _require(pkg::Base.PkgId)
    @ Base ./loading.jl:1120
  [5] require(uuidkey::Base.PkgId)
    @ Base ./loading.jl:1013
  [6] require(into::Module, mod::Symbol)
    @ Base ./loading.jl:997
  [7] include
    @ ./Base.jl:418 [inlined]
  [8] include_package_for_output(pkg::Base.PkgId, input::String, depot_path::Vector{String}, dl_load_path::Vector{String}, load_path::Vector{String}, concrete_deps::Vector{Pair{Base.PkgId, UInt64}}, source::String)
    @ Base ./loading.jl:1318
  [9] top-level scope
    @ none:1
 [10] eval
    @ ./boot.jl:373 [inlined]
 [11] eval(x::Expr)
    @ Base.MainInclude ./client.jl:453
 [12] top-level scope
    @ none:1
in expression starting at /home/gbarron/.julia/packages/Arpack/pLziT/src/Arpack.jl:2
ERROR: LoadError: Failed to precompile Arpack [7d9fca2a-8960-54d3-9f78-7d1dccf2cb97] to /home/gbarron/.julia/compiled/v1.7/Arpack/jl_9IrSGq.
Stacktrace:
  [1] error(s::String)
    @ Base ./error.jl:33
  [2] compilecache(pkg::Base.PkgId, path::String, internal_stderr::IO, internal_stdout::IO, ignore_loaded_modules::Bool)
    @ Base ./loading.jl:1466
  [3] compilecache(pkg::Base.PkgId, path::String)
    @ Base ./loading.jl:1410
  [4] _require(pkg::Base.PkgId)
    @ Base ./loading.jl:1120
  [5] require(uuidkey::Base.PkgId)
    @ Base ./loading.jl:1013
  [6] require(into::Module, mod::Symbol)
    @ Base ./loading.jl:997
  [7] include
    @ ./Base.jl:418 [inlined]
  [8] include_package_for_output(pkg::Base.PkgId, input::String, depot_path::Vector{String}, dl_load_path::Vector{String}, load_path::Vector{String}, concrete_deps::Vector{Pair{Base.PkgId, UInt64}}, source::String)
    @ Base ./loading.jl:1318
  [9] top-level scope
    @ none:1
 [10] eval
    @ ./boot.jl:373 [inlined]
 [11] eval(x::Expr)
    @ Base.MainInclude ./client.jl:453
 [12] top-level scope
    @ none:1
in expression starting at /home/gbarron/.julia/packages/Erdos/Ot3Kr/src/Erdos.jl:3
ERROR: LoadError: Failed to precompile Erdos [90d7349d-81aa-5495-813a-883243abfe31] to /home/gbarron/.julia/compiled/v1.7/Erdos/jl_KNz468.
Stacktrace:
  [1] error(s::String)
    @ Base ./error.jl:33
  [2] compilecache(pkg::Base.PkgId, path::String, internal_stderr::IO, internal_stdout::IO, ignore_loaded_modules::Bool)
    @ Base ./loading.jl:1466
  [3] compilecache(pkg::Base.PkgId, path::String)
    @ Base ./loading.jl:1410
  [4] _require(pkg::Base.PkgId)
    @ Base ./loading.jl:1120
  [5] require(uuidkey::Base.PkgId)
    @ Base ./loading.jl:1013
  [6] require(into::Module, mod::Symbol)
    @ Base ./loading.jl:997
  [7] include(mod::Module, _path::String)
    @ Base ./Base.jl:418
  [8] include(x::String)
    @ AdaptBarren ~/bp-mitigation-code/src/AdaptBarren.jl:1
  [9] top-level scope
    @ ~/bp-mitigation-code/src/AdaptBarren.jl:11
 [10] include
    @ ./Base.jl:418 [inlined]
 [11] include_package_for_output(pkg::Base.PkgId, input::String, depot_path::Vector{String}, dl_load_path::Vector{String}, load_path::Vector{String}, concrete_deps::Vector{Pair{Base.PkgId, UInt64}}, source::String)
    @ Base ./loading.jl:1318
 [12] top-level scope
    @ none:1
 [13] eval
    @ ./boot.jl:373 [inlined]
 [14] eval(x::Expr)
    @ Base.MainInclude ./client.jl:453
 [15] top-level scope
    @ none:1
in expression starting at /home/gbarron/bp-mitigation-code/src/qaoa_hamiltonians.jl:2
in expression starting at /home/gbarron/bp-mitigation-code/src/AdaptBarren.jl:1
┌ Warning: Threads set to 1 by default, try julia -t 17 ...
└ @ Main ~/.julia/config/startup.jl:8
┌ Warning: Couldn't find Project.toml and Manifest.toml, using default
└ @ Main ~/.julia/config/startup.jl:22
ERROR: LoadError: Failed to precompile AdaptBarren [99dd921e-f06d-11eb-9a03-0242ac130003] to /home/gbarron/.julia/compiled/v1.7/AdaptBarren/jl_x9FWbZ.
Stacktrace:
 [1] error(s::String)
   @ Base ./error.jl:33
 [2] compilecache(pkg::Base.PkgId, path::String, internal_stderr::IO, internal_stdout::IO, ignore_loaded_modules::Bool)
   @ Base ./loading.jl:1466
 [3] compilecache(pkg::Base.PkgId, path::String)
   @ Base ./loading.jl:1410
 [4] _require(pkg::Base.PkgId)
   @ Base ./loading.jl:1120
 [5] require(uuidkey::Base.PkgId)
   @ Base ./loading.jl:1013
 [6] require(into::Module, mod::Symbol)
   @ Base ./loading.jl:997
in expression starting at /home/gbarron/bp-mitigation-code/examples/adapt_qaoa/adapt_qaoa.jl:4
1.7.2
/apps/easybuild/software/tinkercliffs-rome/Julia/1.7.2-linux-x86_64/bin
128 logical cores
